2016/09/22 06:22:56 heroku-cli/5.3.2-01a157a (linux-386) go1.6.2 /home/vagrant/.local/share/heroku/cli/bin/heroku cmd: version
2016/09/22 06:22:56 triggering background update
2016/09/22 06:22:56 heroku-cli/5.3.2-01a157a (linux-386) go1.6.2 /home/vagrant/.local/share/heroku/cli/bin/heroku cmd: update
2016/09/22 06:22:56 heroku-cli/5.3.2-01a157a (linux-386) go1.6.2 /home/vagrant/.local/share/heroku/cli/bin/heroku cmd: commands
2016/09/22 06:22:56 heroku-cli: Updating plugins...
2016/09/22 06:22:56  done
2016/09/22 06:22:56 heroku-cli/5.3.2-01a157a (linux-386) go1.6.2 /home/vagrant/.local/share/heroku/cli/bin/heroku cmd: create
2016/09/22 06:22:56 Email: 
2016/09/22 06:30:22 heroku-cli/5.3.2-01a157a (linux-386) go1.6.2 /home/vagrant/.local/share/heroku/cli/bin/heroku cmd: version
2016/09/22 06:30:22 heroku-cli/5.3.2-01a157a (linux-386) go1.6.2 /home/vagrant/.local/share/heroku/cli/bin/heroku cmd: commands
2016/09/22 06:30:22 heroku-cli/5.3.2-01a157a (linux-386) go1.6.2 /home/vagrant/.local/share/heroku/cli/bin/heroku cmd: create
2016/09/22 07:39:59 heroku-cli/5.3.2-01a157a (linux-386) go1.6.2 /home/vagrant/.local/share/heroku/cli/bin/heroku cmd: version
2016/09/22 07:39:59 heroku-cli/5.3.2-01a157a (linux-386) go1.6.2 /home/vagrant/.local/share/heroku/cli/bin/heroku cmd: commands
2016/09/22 07:40:10 heroku-cli/5.3.2-01a157a (linux-386) go1.6.2 /home/vagrant/.local/share/heroku/cli/bin/heroku cmd: version
2016/09/22 07:40:10 heroku-cli/5.3.2-01a157a (linux-386) go1.6.2 /home/vagrant/.local/share/heroku/cli/bin/heroku cmd: commands
2016/09/22 07:40:10 heroku-cli/5.3.2-01a157a (linux-386) go1.6.2 /home/vagrant/.local/share/heroku/cli/bin/heroku cmd: status
2016/09/22 07:53:21 heroku-cli/5.3.2-01a157a (linux-386) go1.6.2 /home/vagrant/.local/share/heroku/cli/bin/heroku cmd: version
2016/09/22 07:53:21 heroku-cli/5.3.2-01a157a (linux-386) go1.6.2 /home/vagrant/.local/share/heroku/cli/bin/heroku cmd: commands
2016/09/22 07:53:21 heroku-cli/5.3.2-01a157a (linux-386) go1.6.2 /home/vagrant/.local/share/heroku/cli/bin/heroku cmd: run
2016/09/22 08:09:21 heroku-cli/5.3.2-01a157a (linux-386) go1.6.2 /home/vagrant/.local/share/heroku/cli/bin/heroku cmd: version
2016/09/22 08:09:21 heroku-cli/5.3.2-01a157a (linux-386) go1.6.2 /home/vagrant/.local/share/heroku/cli/bin/heroku cmd: commands
2016/09/22 08:09:21 heroku-cli/5.3.2-01a157a (linux-386) go1.6.2 /home/vagrant/.local/share/heroku/cli/bin/heroku cmd: run
